<?xml version="1.0" encoding="UTF-8"?>
<robot generator="Robot 7.3.2 (Python 3.12.0 on win32)" generated="2025-11-17T21:29:22.293067" rpa="false" schemaversion="5">
<suite id="s1" name="Tests" source="C:\Users\otsoh\ohtu-palautukset\viikko3\hello-robot\src\tests">
<suite id="s1-s1" name="Increase Counter" source="C:\Users\otsoh\ohtu-palautukset\viikko3\hello-robot\src\tests\increase_counter.robot">
<test id="s1-s1-t1" name="Increase Counter Once" line="5">
<kw name="Counter Value Should Be" owner="CounterLibrary">
<arg>0</arg>
<status status="PASS" start="2025-11-17T21:29:22.340320" elapsed="0.000999"/>
</kw>
<kw name="Increase Counter" owner="CounterLibrary">
<status status="PASS" start="2025-11-17T21:29:22.341319" elapsed="0.000000"/>
</kw>
<kw name="Counter Value Should Be" owner="CounterLibrary">
<arg>1</arg>
<status status="PASS" start="2025-11-17T21:29:22.341319" elapsed="0.000000"/>
</kw>
<status status="PASS" start="2025-11-17T21:29:22.340320" elapsed="0.000999"/>
</test>
<test id="s1-s1-t2" name="Increase Counter Many Times" line="10">
<kw name="Counter Value Should Be" owner="CounterLibrary">
<arg>0</arg>
<status status="PASS" start="2025-11-17T21:29:22.342317" elapsed="0.000000"/>
</kw>
<kw name="Increase Counter" owner="CounterLibrary">
<status status="PASS" start="2025-11-17T21:29:22.342317" elapsed="0.000000"/>
</kw>
<kw name="Increase Counter" owner="CounterLibrary">
<status status="PASS" start="2025-11-17T21:29:22.343318" elapsed="0.000000"/>
</kw>
<kw name="Increase Counter" owner="CounterLibrary">
<status status="PASS" start="2025-11-17T21:29:22.343318" elapsed="0.000000"/>
</kw>
<kw name="Counter Value Should Be" owner="CounterLibrary">
<arg>3</arg>
<status status="PASS" start="2025-11-17T21:29:22.343318" elapsed="0.000000"/>
</kw>
<status status="PASS" start="2025-11-17T21:29:22.342317" elapsed="0.001998"/>
</test>
<test id="s1-s1-t3" name="Increment Counter By Amount" line="17">
<kw name="Counter Value Should Be" owner="CounterLibrary">
<arg>0</arg>
<status status="PASS" start="2025-11-17T21:29:22.344315" elapsed="0.001004"/>
</kw>
<kw name="Increment Counter By" owner="CounterLibrary">
<arg>5</arg>
<status status="PASS" start="2025-11-17T21:29:22.345319" elapsed="0.000000"/>
</kw>
<kw name="Counter Value Should Be" owner="CounterLibrary">
<arg>5</arg>
<status status="PASS" start="2025-11-17T21:29:22.345319" elapsed="0.000000"/>
</kw>
<status status="PASS" start="2025-11-17T21:29:22.344315" elapsed="0.002010"/>
</test>
<test id="s1-s1-t4" name="Reset Counter After One Increment" line="22">
<kw name="Counter Value Should Be" owner="CounterLibrary">
<arg>0</arg>
<status status="PASS" start="2025-11-17T21:29:22.346832" elapsed="0.000000"/>
</kw>
<kw name="Increase Counter" owner="CounterLibrary">
<status status="PASS" start="2025-11-17T21:29:22.346832" elapsed="0.000000"/>
</kw>
<kw name="Counter Value Should Be" owner="CounterLibrary">
<arg>1</arg>
<status status="PASS" start="2025-11-17T21:29:22.347840" elapsed="0.000000"/>
</kw>
<kw name="Reset Counter" owner="CounterLibrary">
<status status="PASS" start="2025-11-17T21:29:22.347840" elapsed="0.000000"/>
</kw>
<kw name="Counter Value Should Be" owner="CounterLibrary">
<arg>0</arg>
<status status="PASS" start="2025-11-17T21:29:22.347840" elapsed="0.000000"/>
</kw>
<status status="PASS" start="2025-11-17T21:29:22.346832" elapsed="0.001008"/>
</test>
<test id="s1-s1-t5" name="Reset Counter After Several Increments" line="29">
<kw name="Counter Value Should Be" owner="CounterLibrary">
<arg>0</arg>
<status status="PASS" start="2025-11-17T21:29:22.348841" elapsed="0.000000"/>
</kw>
<kw name="Increment Counter By" owner="CounterLibrary">
<arg>5</arg>
<status status="PASS" start="2025-11-17T21:29:22.348841" elapsed="0.000000"/>
</kw>
<kw name="Counter Value Should Be" owner="CounterLibrary">
<arg>5</arg>
<status status="PASS" start="2025-11-17T21:29:22.348841" elapsed="0.000000"/>
</kw>
<kw name="Reset Counter" owner="CounterLibrary">
<status status="PASS" start="2025-11-17T21:29:22.348841" elapsed="0.000000"/>
</kw>
<kw name="Counter Value Should Be" owner="CounterLibrary">
<arg>0</arg>
<status status="PASS" start="2025-11-17T21:29:22.348841" elapsed="0.001505"/>
</kw>
<status status="PASS" start="2025-11-17T21:29:22.348841" elapsed="0.001505"/>
</test>
<status status="PASS" start="2025-11-17T21:29:22.319617" elapsed="0.030729"/>
</suite>
<status status="PASS" start="2025-11-17T21:29:22.295067" elapsed="0.056286"/>
</suite>
<statistics>
<total>
<stat pass="5" fail="0" skip="0">All Tests</stat>
</total>
<tag>
</tag>
<suite>
<stat name="Tests" id="s1" pass="5" fail="0" skip="0">Tests</stat>
<stat name="Increase Counter" id="s1-s1" pass="5" fail="0" skip="0">Tests.Increase Counter</stat>
</suite>
</statistics>
<errors>
</errors>
</robot>
